<?xml version="1.0" encoding="UTF-8"?>
<!-- Generated by org.testng.reporters.JUnitXMLReporter -->
<testsuite hostname="HEMA" ignored="1" name="Default test" tests="5" failures="0" timestamp="06 Mar 2019 14:37:43 GMT" time="0.064" errors="0">
  <testcase name="@BeforeTest startReport" time="0.0" classname="Resources.BasicMavenReport">
    <failure type="org.testng.TestNGException" message="
Parameter &amp;apos;OS&amp;apos; is required by BeforeTest on method startReport but has not been marked @Optional or defined
in C:\Users\hema\AppData\Local\Temp\testng-eclipse--281981194\testng-customsuite.xml">
      <![CDATA[org.testng.TestNGException: Parameter 'OS' is required by BeforeTest on method startReport but has not been marked @Optional or definedin C:\Users\hema\AppData\Local\Temp\testng-eclipse--281981194\testng-customsuite.xmlat org.testng.internal.Parameters.createParams(Parameters.java:290)at org.testng.internal.Parameters.createParametersForMethod(Parameters.java:359)at org.testng.internal.Parameters.createParameters(Parameters.java:620)at org.testng.internal.Parameters.createConfigurationParameters(Parameters.java:190)at org.testng.internal.Invoker.invokeConfigurations(Invoker.java:209)at org.testng.internal.Invoker.invokeConfigurations(Invoker.java:142)at org.testng.TestRunner.beforeRun(TestRunner.java:529)at org.testng.TestRunner.run(TestRunner.java:497)at org.testng.SuiteRunner.runTest(SuiteRunner.java:455)at org.testng.SuiteRunner.runSequentially(SuiteRunner.java:450)at org.testng.SuiteRunner.privateRun(SuiteRunner.java:415)at org.testng.SuiteRunner.run(SuiteRunner.java:364)at org.testng.SuiteRunnerWorker.runSuite(SuiteRunnerWorker.java:52)at org.testng.SuiteRunnerWorker.run(SuiteRunnerWorker.java:84)at org.testng.TestNG.runSuitesSequentially(TestNG.java:1187)at org.testng.TestNG.runSuitesLocally(TestNG.java:1116)at org.testng.TestNG.runSuites(TestNG.java:1028)at org.testng.TestNG.run(TestNG.java:996)at org.testng.remote.AbstractRemoteTestNG.run(AbstractRemoteTestNG.java:114)at org.testng.remote.RemoteTestNG.initAndRun(RemoteTestNG.java:251)at org.testng.remote.RemoteTestNG.main(RemoteTestNG.java:77)]]>
    </failure>
  </testcase> <!-- @BeforeTest startReport -->
  <testcase name="@AfterMethod getResult" time="0.0" classname="Resources.BasicMavenReport">
    <skipped/>
  </testcase> <!-- @AfterMethod getResult -->
  <testcase name="@AfterMethod getResult" time="0.0" classname="Resources.BasicMavenReport">
    <skipped/>
  </testcase> <!-- @AfterMethod getResult -->
  <testcase name="@AfterMethod getResult" time="0.0" classname="Resources.BasicMavenReport">
    <skipped/>
  </testcase> <!-- @AfterMethod getResult -->
  <testcase name="@AfterMethod getResult" time="0.0" classname="Resources.BasicMavenReport">
    <skipped/>
  </testcase> <!-- @AfterMethod getResult -->
  <testcase name="@AfterMethod getResult" time="0.0" classname="Resources.BasicMavenReport">
    <skipped/>
  </testcase> <!-- @AfterMethod getResult -->
  <testcase name="@AfterTest tearDown" time="0.0" classname="Resources.BasicMavenReport">
    <skipped/>
  </testcase> <!-- @AfterTest tearDown -->
  <testcase name="testCase1" time="0.0" classname="Resources.BasicMavenReport">
    <skipped/>
  </testcase> <!-- testCase1 -->
  <testcase name="testCase2" time="0.0" classname="Resources.BasicMavenReport">
    <skipped/>
  </testcase> <!-- testCase2 -->
  <testcase name="testCase3" time="0.0" classname="Resources.BasicMavenReport">
    <skipped/>
  </testcase> <!-- testCase3 -->
  <testcase name="testCase4" time="0.0" classname="Resources.BasicMavenReport">
    <skipped/>
  </testcase> <!-- testCase4 -->
  <testcase name="testCase5" time="0.0" classname="Resources.BasicMavenReport">
    <skipped/>
  </testcase> <!-- testCase5 -->
  <testcase name="testCase6" time="0.0" classname="Resources.BasicMavenReport">
    <ignored/>
  </testcase> <!-- testCase6 -->
</testsuite> <!-- Default test -->
