<?xml version="1.0" encoding="UTF-8"?>
<!-- Generated by org.testng.reporters.JUnitXMLReporter -->
<testsuite hostname="HEMA" ignored="1" name="Test2" tests="5" failures="0" timestamp="06 Mar 2019 14:33:06 GMT" time="0.081" errors="0">
  <testcase name="@BeforeTest startReport" time="0.015" classname="Resources.BasicMavenReport">
    <failure type="java.lang.NoClassDefFoundError" message="freemarker/template/TemplateModelException">
      <![CDATA[java.lang.NoClassDefFoundError: freemarker/template/TemplateModelExceptionat Resources.BasicMavenReport.startReport(BasicMavenReport.java:35)Caused by: java.lang.ClassNotFoundException: freemarker.template.TemplateModelExceptionat java.net.URLClassLoader.findClass(Unknown Source)at java.lang.ClassLoader.loadClass(Unknown Source)at sun.misc.Launcher$AppClassLoader.loadClass(Unknown Source)at java.lang.ClassLoader.loadClass(Unknown Source)... 25 more... Removed 24 stack frames]]>
    </failure>
  </testcase> <!-- @BeforeTest startReport -->
  <testcase name="@AfterMethod getResult" time="0.0" classname="Resources.BasicMavenReport">
    <skipped/>
  </testcase> <!-- @AfterMethod getResult -->
  <testcase name="@AfterMethod getResult" time="0.0" classname="Resources.BasicMavenReport">
    <skipped/>
  </testcase> <!-- @AfterMethod getResult -->
  <testcase name="@AfterMethod getResult" time="0.0" classname="Resources.BasicMavenReport">
    <skipped/>
  </testcase> <!-- @AfterMethod getResult -->
  <testcase name="@AfterMethod getResult" time="0.0" classname="Resources.BasicMavenReport">
    <skipped/>
  </testcase> <!-- @AfterMethod getResult -->
  <testcase name="@AfterMethod getResult" time="0.0" classname="Resources.BasicMavenReport">
    <skipped/>
  </testcase> <!-- @AfterMethod getResult -->
  <testcase name="@AfterTest tearDown" time="0.0" classname="Resources.BasicMavenReport">
    <skipped/>
  </testcase> <!-- @AfterTest tearDown -->
  <testcase name="testCase1" time="0.0" classname="Resources.BasicMavenReport">
    <skipped/>
  </testcase> <!-- testCase1 -->
  <testcase name="testCase2" time="0.0" classname="Resources.BasicMavenReport">
    <skipped/>
  </testcase> <!-- testCase2 -->
  <testcase name="testCase3" time="0.0" classname="Resources.BasicMavenReport">
    <skipped/>
  </testcase> <!-- testCase3 -->
  <testcase name="testCase4" time="0.0" classname="Resources.BasicMavenReport">
    <skipped/>
  </testcase> <!-- testCase4 -->
  <testcase name="testCase5" time="0.0" classname="Resources.BasicMavenReport">
    <skipped/>
  </testcase> <!-- testCase5 -->
  <testcase name="testCase6" time="0.0" classname="Resources.BasicMavenReport">
    <ignored/>
  </testcase> <!-- testCase6 -->
</testsuite> <!-- Test2 -->
